shanghai: -10.50
nanjing: 7.00
beijing: -12.00
zhejiang: 1.00
shandong: 30.00
49.47user 11.66system 0:34.71elapsed 176%CPU (0avgtext+0avgdata 4036maxresident)k
0inputs+8outputs (0major+153minor)pagefaults 0swaps
shanghai: -10.50
nanjing: 7.00
beijing: -12.00
zhejiang: 1.00
shandong: 30.00
48.79user 12.31system 0:34.70elapsed 176%CPU (0avgtext+0avgdata 3768maxresident)k
0inputs+8outputs (0major+152minor)pagefaults 0swaps
shanghai: -10.50
nanjing: 7.00
beijing: -12.00
zhejiang: 1.00
shandong: 30.00
49.60user 12.19system 0:35.06elapsed 176%CPU (0avgtext+0avgdata 4168maxresident)k
0inputs+8outputs (0major+156minor)pagefaults 0swaps
shanghai: -10.50
nanjing: 7.00
beijing: -12.00
zhejiang: 1.00
shandong: 30.00
49.03user 11.94system 0:34.57elapsed 176%CPU (0avgtext+0avgdata 4116maxresident)k
0inputs+8outputs (0major+157minor)pagefaults 0swaps
shanghai: -10.50
nanjing: 7.00
beijing: -12.00
zhejiang: 1.00
shandong: 30.00
49.44user 11.51system 0:34.65elapsed 175%CPU (0avgtext+0avgdata 3800maxresident)k
0inputs+8outputs (0major+150minor)pagefaults 0swaps
shanghai: -10.50
nanjing: 7.00
beijing: -12.00
zhejiang: 1.00
shandong: 30.00
48.91user 12.32system 0:34.77elapsed 176%CPU (0avgtext+0avgdata 3964maxresident)k
0inputs+8outputs (0major+153minor)pagefaults 0swaps
shanghai: -10.50
nanjing: 7.00
beijing: -12.00
zhejiang: 1.00
shandong: 30.00
50.30user 11.51system 0:35.03elapsed 176%CPU (0avgtext+0avgdata 4012maxresident)k
0inputs+8outputs (0major+156minor)pagefaults 0swaps
shanghai: -10.50
nanjing: 7.00
beijing: -12.00
zhejiang: 1.00
shandong: 30.00
50.31user 11.60system 0:35.11elapsed 176%CPU (0avgtext+0avgdata 4164maxresident)k
0inputs+8outputs (0major+156minor)pagefaults 0swaps
shanghai: -10.50
nanjing: 7.00
beijing: -12.00
zhejiang: 1.00
shandong: 30.00
49.50user 12.19system 0:34.91elapsed 176%CPU (0avgtext+0avgdata 4116maxresident)k
0inputs+8outputs (0major+156minor)pagefaults 0swaps
shanghai: -10.50
nanjing: 7.00
beijing: -12.00
zhejiang: 1.00
shandong: 30.00
49.48user 13.15system 0:35.56elapsed 176%CPU (0avgtext+0avgdata 4104maxresident)k
0inputs+8outputs (0major+156minor)pagefaults 0swaps
