shanghai: -10.50
nanjing: 7.00
beijing: -12.00
zhejiang: 1.00
shandong: 30.00
62.26user 13.61system 0:14.85elapsed 510%CPU (0avgtext+0avgdata 4320maxresident)k
0inputs+8outputs (0major+202minor)pagefaults 0swaps
shanghai: -10.50
nanjing: 7.00
beijing: -12.00
zhejiang: 1.00
shandong: 30.00
63.57user 13.45system 0:15.83elapsed 486%CPU (0avgtext+0avgdata 5608maxresident)k
0inputs+0outputs (0major+197minor)pagefaults 0swaps
shanghai: -10.50
nanjing: 7.00
beijing: -12.00
zhejiang: 1.00
shandong: 30.00
63.38user 13.66system 0:15.17elapsed 507%CPU (0avgtext+0avgdata 4148maxresident)k
0inputs+8outputs (0major+196minor)pagefaults 0swaps
shanghai: -10.50
nanjing: 7.00
beijing: -12.00
zhejiang: 1.00
shandong: 30.00
62.83user 13.66system 0:14.95elapsed 511%CPU (0avgtext+0avgdata 5656maxresident)k
0inputs+0outputs (0major+196minor)pagefaults 0swaps
shanghai: -10.50
nanjing: 7.00
beijing: -12.00
zhejiang: 1.00
shandong: 30.00
63.63user 13.50system 0:15.20elapsed 507%CPU (0avgtext+0avgdata 5724maxresident)k
0inputs+0outputs (0major+197minor)pagefaults 0swaps
shanghai: -10.50
nanjing: 7.00
beijing: -12.00
zhejiang: 1.00
shandong: 30.00
63.33user 13.49system 0:14.94elapsed 514%CPU (0avgtext+0avgdata 6252maxresident)k
0inputs+8outputs (0major+197minor)pagefaults 0swaps
shanghai: -10.50
nanjing: 7.00
beijing: -12.00
zhejiang: 1.00
shandong: 30.00
62.77user 13.43system 0:14.85elapsed 512%CPU (0avgtext+0avgdata 4132maxresident)k
0inputs+0outputs (0major+195minor)pagefaults 0swaps
shanghai: -10.50
nanjing: 7.00
beijing: -12.00
zhejiang: 1.00
shandong: 30.00
62.96user 13.58system 0:14.91elapsed 513%CPU (0avgtext+0avgdata 4304maxresident)k
0inputs+0outputs (0major+201minor)pagefaults 0swaps
shanghai: -10.50
nanjing: 7.00
beijing: -12.00
zhejiang: 1.00
shandong: 30.00
62.79user 13.41system 0:14.86elapsed 512%CPU (0avgtext+0avgdata 6192maxresident)k
0inputs+8outputs (0major+197minor)pagefaults 0swaps
shanghai: -10.50
nanjing: 7.00
beijing: -12.00
zhejiang: 1.00
shandong: 30.00
63.20user 13.36system 0:14.86elapsed 515%CPU (0avgtext+0avgdata 6208maxresident)k
0inputs+0outputs (0major+197minor)pagefaults 0swaps
